<?xml version="1.0" encoding="UTF-8"?>
<testsuite xmlns:xsi="http://www.w3.org/2001/XMLSchema-instance" xsi:noNamespaceSchemaLocation="https://maven.apache.org/surefire/maven-surefire-plugin/xsd/surefire-test-report-3.0.xsd" version="3.0" name="com.kcs.petstore.PetStoreApiTest" time="11.76" tests="5" errors="0" skipped="0" failures="0">
  <properties>
[...]
</properties>
  <testcase name="createPet" classname="com.kcs.petstore.PetStoreApiTest" time="1.796"/>
  <testcase name="getPetByID" classname="com.kcs.petstore.PetStoreApiTest" time="1.682"/>
  <testcase name="updatePet" classname="com.kcs.petstore.PetStoreApiTest" time="1.609"/>
  <testcase name="getNewPetByID" classname="com.kcs.petstore.PetStoreApiTest" time="1.647"/>
  <testcase name="deletePet" classname="com.kcs.petstore.PetStoreApiTest" time="4.78"/>
</testsuite>